<?xml version="1.0" encoding="UTF-8"?>
<testng-results ignored="0" total="1" passed="1" failed="0" skipped="0">
  <reporter-output>
  </reporter-output>
  <suite started-at="2021-12-23T21:11:04 IST" name="Suite" finished-at="2021-12-23T21:11:14 IST" duration-ms="9047">
    <groups>
    </groups>
    <test started-at="2021-12-23T21:11:04 IST" name="Test1" finished-at="2021-12-23T21:11:14 IST" duration-ms="9047">
      <class name="com.Test.Verify_Login">
        <test-method is-config="true" signature="BS()[pri:0, instance:com.Test.Verify_Login@231f98ef]" started-at="2021-12-23T21:11:04 IST" name="BS" finished-at="2021-12-23T21:11:04 IST" duration-ms="477" status="PASS">
          <reporter-output>
          </reporter-output>
        </test-method> <!-- BS -->
        <test-method is-config="true" signature="LaunchBrowser(java.lang.String)[pri:0, instance:com.Test.Verify_Login@231f98ef]" started-at="2021-12-23T21:11:04 IST" name="LaunchBrowser" finished-at="2021-12-23T21:11:12 IST" duration-ms="7678" status="PASS">
          <params>
            <param index="0">
              <value>
                <![CDATA[Chrome]]>
              </value>
            </param>
          </params>
          <reporter-output>
          </reporter-output>
        </test-method> <!-- LaunchBrowser -->
        <test-method signature="Verify_tc_001()[pri:0, instance:com.Test.Verify_Login@231f98ef]" started-at="2021-12-23T21:11:12 IST" name="Verify_tc_001" finished-at="2021-12-23T21:11:13 IST" duration-ms="913" status="PASS">
          <reporter-output>
          </reporter-output>
        </test-method> <!-- Verify_tc_001 -->
        <test-method is-config="true" signature="TearDown()[pri:0, instance:com.Test.Verify_Login@231f98ef]" started-at="2021-12-23T21:11:13 IST" name="TearDown" finished-at="2021-12-23T21:11:13 IST" duration-ms="431" status="PASS">
          <reporter-output>
          </reporter-output>
        </test-method> <!-- TearDown -->
      </class> <!-- com.Test.Verify_Login -->
    </test> <!-- Test1 -->
  </suite> <!-- Suite -->
</testng-results>
